Arguments: 
  C:\Program Files\nodejs\node.exe C:\Users\lluna\AppData\Roaming\npm\node_modules\yarn\bin\yarn.js test-coverage

PATH: 
  C:\Users\lluna\Desktop\cmder\bin;C:\Users\lluna\Desktop\cmder\vendor\bin;C:\Users\lluna\Desktop\cmder\vendor\conemu-maximus5\ConEmu\Scripts;C:\Users\lluna\Desktop\cmder\vendor\conemu-maximus5;C:\Users\lluna\Desktop\cmder\vendor\conemu-maximus5\ConEmu;C:\WINDOWS\system32;C:\WINDOWS;C:\WINDOWS\System32\Wbem;C:\WINDOWS\System32\WindowsPowerShell\v1.0\;C:\Program Files\Microsoft VS Code\bin;C:\WINDOWS\System32\OpenSSH\;C:\Program Files\Git\cmd;C:\Program Files\nodejs\;C:\Users\lluna\AppData\Local\Microsoft\WindowsApps;C:\Users\lluna\AppData\Roaming\npm;C:\Program Files\Git\cmd;C:\Program Files\Git\mingw64\bin;C:\Program Files\Git\usr\bin;C:\Users\lluna\Desktop\cmder

Yarn version: 
  1.13.0

Node version: 
  10.15.0

Platform: 
  win32 x64

Trace: 
  SyntaxError: C:\Users\lluna\bootcamp\collab\skylab-bootcamp-201901\staff\clara-rufi\st-james-vet\st-james-vet-app\package.json: Unexpected token / in JSON at position 656
      at JSON.parse (<anonymous>)
      at C:\Users\lluna\AppData\Roaming\npm\node_modules\yarn\lib\cli.js:1625:59
      at Generator.next (<anonymous>)
      at step (C:\Users\lluna\AppData\Roaming\npm\node_modules\yarn\lib\cli.js:304:30)
      at C:\Users\lluna\AppData\Roaming\npm\node_modules\yarn\lib\cli.js:315:13

npm manifest: 
  {
    "name": "st-james-vet-app",
    "version": "0.0.1",
    "private": true,
    "dependencies": {
      "debug-mode": "^1.0.9",
      "es6-promise": "^4.2.6",
      "isomorphic-fetch": "^2.2.1",
      "moment": "^2.24.0",
      "moment-calendar": "0.0.4",
      "node-sass": "^4.11.0",
      "rc-datetime-picker": "^1.6.1",
      "react": "^16.7.0",
      "react-addons-css-transition-group": "^15.6.2",
      "react-dom": "^16.7.0",
      "react-infinite-calendar": "^2.3.1",
      "react-moment": "^0.8.4",
      "react-router-dom": "^4.3.1",
      "react-scripts": "2.1.3",
      "st-james-vet-data": "file:../st-james-vet-data",
      "test": "mocha src/**/*.spec.js --timeout 99999",
      // "test-coverage": "nyc --reporter=html --reporter=text mocha --timeout 10000 $(find src -name *.spec.js)"
      "test-coverage": "nyc --reporter=html --reporter=text mocha src/**/*.spec.js --timeout 99999"
    },
    "scripts": {
      "start": "react-scripts start",
      "build": "react-scripts build",
      "test": "react-scripts test",
      "eject": "react-scripts eject"
    },
    "eslintConfig": {
      "extends": "react-app"
    },
    "browserslist": [
      ">0.2%",
      "not dead",
      "not ie <= 11",
      "not op_mini all"
    ],
    "devDependencies": {
      "bcrypt": "^3.0.4",
      "chai": "^4.2.0",
      "dotenv": "^6.2.0",
      "expect": "^24.1.0",
      "mocha": "^6.0.2",
      "nyc": "^13.3.0"
    }
  }

yarn manifest: 
  No manifest

Lockfile: 
  No lockfile
